\BOOKMARK [0][-]{chapter*.1}{\376\377\000R\000e\000s\000u\000m\000e\000n}{}% 1
\BOOKMARK [0][-]{chapter*.2}{\376\377\000A\000b\000s\000t\000r\000a\000c\000t}{}% 2
\BOOKMARK [0][-]{chapter*.3}{\376\377\000A\000g\000r\000a\000d\000e\000c\000i\000m\000i\000e\000n\000t\000o\000s}{}% 3
\BOOKMARK [0][-]{chapter.1}{\376\377\000I\000n\000t\000r\000o\000d\000u\000c\000c\000i\000\363\000n\000\040\000y\000\040\000j\000u\000s\000t\000i\000f\000i\000c\000a\000c\000i\000\363\000n}{}% 4
\BOOKMARK [1][-]{section.1.1}{\376\377\000C\000o\000n\000t\000e\000x\000t\000o\000\040\000c\000l\000\355\000n\000i\000c\000o\000\040\000e\000\040\000i\000m\000p\000o\000r\000t\000a\000n\000c\000i\000a\000\040\000d\000e\000l\000\040\000d\000i\000a\000g\000n\000\363\000s\000t\000i\000c\000o\000\040\000p\000r\000e\000c\000o\000z\000\040\000d\000e\000l\000\040\000c\000\341\000n\000c\000e\000r\000\040\000d\000e\000\040\000p\000i\000e\000l}{chapter.1}% 5
\BOOKMARK [1][-]{section.1.2}{\376\377\000L\000i\000m\000i\000t\000a\000c\000i\000o\000n\000e\000s\000\040\000d\000e\000l\000\040\000d\000i\000a\000g\000n\000\363\000s\000t\000i\000c\000o\000\040\000v\000i\000s\000u\000a\000l\000\040\000t\000r\000a\000d\000i\000c\000i\000o\000n\000a\000l}{chapter.1}% 6
\BOOKMARK [1][-]{section.1.3}{\376\377\000A\000p\000l\000i\000c\000a\000c\000i\000\363\000n\000\040\000d\000e\000\040\000l\000a\000\040\000i\000n\000t\000e\000l\000i\000g\000e\000n\000c\000i\000a\000\040\000a\000r\000t\000i\000f\000i\000c\000i\000a\000l\000\040\000e\000n\000\040\000d\000e\000r\000m\000a\000t\000o\000l\000o\000g\000\355\000a}{chapter.1}% 7
\BOOKMARK [1][-]{section.1.4}{\376\377\000M\000o\000t\000i\000v\000a\000c\000i\000\363\000n\000\040\000d\000e\000l\000\040\000t\000r\000a\000b\000a\000j\000o}{chapter.1}% 8
\BOOKMARK [2][-]{subsection.1.4.1}{\376\377\000J\000u\000s\000t\000i\000f\000i\000c\000a\000c\000i\000\363\000n\000\040\000t\000\351\000c\000n\000i\000c\000a\000\040\000d\000e\000l\000\040\000e\000n\000f\000o\000q\000u\000e\000\040\000p\000r\000o\000p\000u\000e\000s\000t\000o}{section.1.4}% 9
\BOOKMARK [2][-]{subsection.1.4.2}{\376\377\000J\000u\000s\000t\000i\000f\000i\000c\000a\000c\000i\000\363\000n\000\040\000a\000c\000a\000d\000\351\000m\000i\000c\000a\000\040\000y\000\040\000s\000o\000c\000i\000a\000l\000\040\000d\000e\000l\000\040\000e\000s\000t\000u\000d\000i\000o}{section.1.4}% 10
\BOOKMARK [1][-]{section.1.5}{\376\377\000O\000b\000j\000e\000t\000i\000v\000o\000s\000\040\000d\000e\000l\000\040\000t\000r\000a\000b\000a\000j\000o}{chapter.1}% 11
\BOOKMARK [2][-]{subsection.1.5.1}{\376\377\000O\000b\000j\000e\000t\000i\000v\000o\000\040\000g\000e\000n\000e\000r\000a\000l}{section.1.5}% 12
\BOOKMARK [2][-]{subsection.1.5.2}{\376\377\000O\000b\000j\000e\000t\000i\000v\000o\000s\000\040\000e\000s\000p\000e\000c\000\355\000f\000i\000c\000o\000s}{section.1.5}% 13
\BOOKMARK [1][-]{section.1.6}{\376\377\000A\000l\000c\000a\000n\000c\000e\000\040\000y\000\040\000d\000e\000l\000i\000m\000i\000t\000a\000c\000i\000o\000n\000e\000s\000\040\000d\000e\000l\000\040\000t\000r\000a\000b\000a\000j\000o}{chapter.1}% 14
\BOOKMARK [1][-]{section.1.7}{\376\377\000O\000r\000g\000a\000n\000i\000z\000a\000c\000i\000\363\000n\000\040\000d\000e\000\040\000l\000a\000\040\000m\000e\000m\000o\000r\000i\000a}{chapter.1}% 15
\BOOKMARK [0][-]{chapter.2}{\376\377\000E\000s\000t\000a\000d\000o\000\040\000d\000e\000l\000\040\000a\000r\000t\000e}{}% 16
\BOOKMARK [1][-]{section.2.1}{\376\377\000I\000n\000t\000r\000o\000d\000u\000c\000c\000i\000\363\000n\000\040\000a\000l\000\040\000e\000s\000t\000a\000d\000o\000\040\000d\000e\000l\000\040\000a\000r\000t\000e\000\040\000e\000n\000\040\000c\000l\000a\000s\000i\000f\000i\000c\000a\000c\000i\000\363\000n\000\040\000d\000e\000\040\000l\000e\000s\000i\000o\000n\000e\000s\000\040\000c\000u\000t\000\341\000n\000e\000a\000s}{chapter.2}% 17
\BOOKMARK [1][-]{section.2.2}{\376\377\000M\000\351\000t\000o\000d\000o\000s\000\040\000c\000l\000\341\000s\000i\000c\000o\000s\000\040\000d\000e\000\040\000d\000i\000a\000g\000n\000\363\000s\000t\000i\000c\000o\000\040\000a\000s\000i\000s\000t\000i\000d\000o\000\040\000p\000o\000r\000\040\000o\000r\000d\000e\000n\000a\000d\000o\000r}{chapter.2}% 18
\BOOKMARK [2][-]{subsection.2.2.1}{\376\377\000E\000x\000t\000r\000a\000c\000c\000i\000\363\000n\000\040\000m\000a\000n\000u\000a\000l\000\040\000d\000e\000\040\000c\000a\000r\000a\000c\000t\000e\000r\000\355\000s\000t\000i\000c\000a\000s}{section.2.2}% 19
\BOOKMARK [2][-]{subsection.2.2.2}{\376\377\000C\000l\000a\000s\000i\000f\000i\000c\000a\000d\000o\000r\000e\000s\000\040\000t\000r\000a\000d\000i\000c\000i\000o\000n\000a\000l\000e\000s}{section.2.2}% 20
\BOOKMARK [1][-]{section.2.3}{\376\377\000R\000e\000d\000e\000s\000\040\000n\000e\000u\000r\000o\000n\000a\000l\000e\000s\000\040\000c\000o\000n\000v\000o\000l\000u\000c\000i\000o\000n\000a\000l\000e\000s\000\040\000e\000n\000\040\000d\000e\000r\000m\000a\000t\000o\000l\000o\000g\000\355\000a}{chapter.2}% 21
\BOOKMARK [2][-]{subsection.2.3.1}{\376\377\000C\000N\000N\000\040\000e\000n\000\040\000c\000l\000a\000s\000i\000f\000i\000c\000a\000c\000i\000\363\000n\000\040\000d\000e\000\040\000i\000m\000\341\000g\000e\000n\000e\000s\000\040\000m\000\351\000d\000i\000c\000a\000s}{section.2.3}% 22
\BOOKMARK [2][-]{subsection.2.3.2}{\376\377\000C\000N\000N\000\040\000a\000p\000l\000i\000c\000a\000d\000a\000s\000\040\000a\000\040\000l\000e\000s\000i\000o\000n\000e\000s\000\040\000c\000u\000t\000\341\000n\000e\000a\000s}{section.2.3}% 23
\BOOKMARK [1][-]{section.2.4}{\376\377\000V\000i\000s\000i\000o\000n\000\040\000T\000r\000a\000n\000s\000f\000o\000r\000m\000e\000r\000s\000\040\000e\000n\000\040\000v\000i\000s\000i\000\363\000n\000\040\000p\000o\000r\000\040\000c\000o\000m\000p\000u\000t\000a\000d\000o\000r}{chapter.2}% 24
\BOOKMARK [2][-]{subsection.2.4.1}{\376\377\000F\000u\000n\000d\000a\000m\000e\000n\000t\000o\000s\000\040\000d\000e\000\040\000l\000o\000s\000\040\000T\000r\000a\000n\000s\000f\000o\000r\000m\000e\000r\000s}{section.2.4}% 25
\BOOKMARK [2][-]{subsection.2.4.2}{\376\377\000A\000p\000l\000i\000c\000a\000c\000i\000o\000n\000e\000s\000\040\000d\000e\000\040\000V\000i\000T\000\040\000e\000n\000\040\000i\000m\000a\000g\000e\000n\000\040\000m\000\351\000d\000i\000c\000a}{section.2.4}% 26
\BOOKMARK [1][-]{section.2.5}{\376\377\000M\000o\000d\000e\000l\000o\000s\000\040\000h\000\355\000b\000r\000i\000d\000o\000s\000\040\000C\000N\000N\040\023\000T\000r\000a\000n\000s\000f\000o\000r\000m\000e\000r}{chapter.2}% 27
\BOOKMARK [2][-]{subsection.2.5.1}{\376\377\000M\000o\000t\000i\000v\000a\000c\000i\000\363\000n\000\040\000d\000e\000l\000\040\000e\000n\000f\000o\000q\000u\000e\000\040\000h\000\355\000b\000r\000i\000d\000o}{section.2.5}% 28
\BOOKMARK [2][-]{subsection.2.5.2}{\376\377\000R\000e\000s\000u\000l\000t\000a\000d\000o\000s\000\040\000r\000e\000p\000o\000r\000t\000a\000d\000o\000s\000\040\000e\000n\000\040\000l\000a\000\040\000l\000i\000t\000e\000r\000a\000t\000u\000r\000a}{section.2.5}% 29
\BOOKMARK [1][-]{section.2.6}{\376\377\000A\000n\000g\000u\000l\000a\000r\000\040\000R\000a\000d\000i\000a\000l\000\040\000P\000a\000r\000t\000i\000t\000i\000o\000n\000i\000n\000g\000\040\000e\000n\000\040\000a\000n\000\341\000l\000i\000s\000i\000s\000\040\000d\000e\000\040\000i\000m\000a\000g\000e\000n}{chapter.2}% 30
\BOOKMARK [2][-]{subsection.2.6.1}{\376\377\000F\000u\000n\000d\000a\000m\000e\000n\000t\000o\000s\000\040\000t\000e\000\363\000r\000i\000c\000o\000s\000\040\000d\000e\000l\000\040\000A\000R\000P}{section.2.6}% 31
\BOOKMARK [2][-]{subsection.2.6.2}{\376\377\000U\000s\000o\000\040\000d\000e\000\040\000A\000R\000P\000\040\000e\000n\000\040\000r\000e\000c\000o\000n\000o\000c\000i\000m\000i\000e\000n\000t\000o\000\040\000d\000e\000\040\000p\000a\000t\000r\000o\000n\000e\000s}{section.2.6}% 32
\BOOKMARK [1][-]{section.2.7}{\376\377\000A\000p\000r\000e\000n\000d\000i\000z\000a\000j\000e\000\040\000m\000u\000l\000t\000i\000m\000o\000d\000a\000l\000\040\000e\000n\000\040\000m\000e\000d\000i\000c\000i\000n\000a}{chapter.2}% 33
\BOOKMARK [2][-]{subsection.2.7.1}{\376\377\000F\000u\000s\000i\000\363\000n\000\040\000d\000e\000\040\000i\000m\000a\000g\000e\000n\000\040\000y\000\040\000m\000e\000t\000a\000d\000a\000t\000o\000s\000\040\000c\000l\000\355\000n\000i\000c\000o\000s}{section.2.7}% 34
\BOOKMARK [2][-]{subsection.2.7.2}{\376\377\000E\000s\000t\000r\000a\000t\000e\000g\000i\000a\000s\000\040\000d\000e\000\040\000f\000u\000s\000i\000\363\000n\000\040\000t\000e\000m\000p\000r\000a\000n\000a\000,\000\040\000t\000a\000r\000d\000\355\000a\000\040\000e\000\040\000i\000n\000t\000e\000r\000m\000e\000d\000i\000a}{section.2.7}% 35
\BOOKMARK [1][-]{section.2.8}{\376\377\000P\000r\000o\000b\000l\000e\000m\000a\000s\000\040\000a\000b\000i\000e\000r\000t\000o\000s\000\040\000e\000n\000\040\000e\000l\000\040\000e\000s\000t\000a\000d\000o\000\040\000d\000e\000l\000\040\000a\000r\000t\000e}{chapter.2}% 36
\BOOKMARK [2][-]{subsection.2.8.1}{\376\377\000D\000e\000s\000b\000a\000l\000a\000n\000c\000e\000o\000\040\000d\000e\000\040\000c\000l\000a\000s\000e\000s}{section.2.8}% 37
\BOOKMARK [2][-]{subsection.2.8.2}{\376\377\000H\000e\000t\000e\000r\000o\000g\000e\000n\000e\000i\000d\000a\000d\000\040\000d\000e\000\040\000b\000a\000s\000e\000s\000\040\000d\000e\000\040\000d\000a\000t\000o\000s}{section.2.8}% 38
\BOOKMARK [2][-]{subsection.2.8.3}{\376\377\000R\000i\000e\000s\000g\000o\000s\000\040\000d\000e\000\040\000d\000a\000t\000a\000\040\000l\000e\000a\000k\000a\000g\000e}{section.2.8}% 39
\BOOKMARK [1][-]{section.2.9}{\376\377\000P\000o\000s\000i\000c\000i\000o\000n\000a\000m\000i\000e\000n\000t\000o\000\040\000d\000e\000l\000\040\000p\000r\000e\000s\000e\000n\000t\000e\000\040\000t\000r\000a\000b\000a\000j\000o}{chapter.2}% 40
\BOOKMARK [0][-]{chapter.3}{\376\377\000D\000e\000s\000c\000r\000i\000p\000c\000i\000\363\000n\000\040\000y\000\040\000E\000x\000p\000l\000o\000r\000a\000c\000i\000\363\000n\000\040\000d\000e\000\040\000l\000o\000s\000\040\000D\000a\000t\000o\000s}{}% 41
\BOOKMARK [1][-]{section.3.1}{\376\377\000A\000d\000q\000u\000i\000s\000i\000c\000i\000\363\000n\000\040\000y\000\040\000E\000s\000t\000r\000u\000c\000t\000u\000r\000a\000\040\000d\000e\000l\000\040\000D\000a\000t\000a\000s\000e\000t\000\040\000O\000r\000i\000g\000i\000n\000a\000l}{chapter.3}% 42
\BOOKMARK [2][-]{subsection.3.1.1}{\376\377\000A\000d\000q\000u\000i\000s\000i\000c\000i\000\363\000n\000\040\000m\000e\000d\000i\000a\000n\000t\000e\000\040\000i\000s\000i\000c\000-\000c\000l\000i}{section.3.1}% 43
\BOOKMARK [2][-]{subsection.3.1.2}{\376\377\000E\000s\000t\000r\000u\000c\000t\000u\000r\000a\000\040\000y\000\040\000C\000o\000m\000p\000o\000s\000i\000c\000i\000\363\000n\000\040\000I\000n\000i\000c\000i\000a\000l}{section.3.1}% 44
\BOOKMARK [1][-]{section.3.2}{\376\377\000D\000i\000c\000c\000i\000o\000n\000a\000r\000i\000o\000\040\000d\000e\000\040\000V\000a\000r\000i\000a\000b\000l\000e\000s\000\040\000y\000\040\000N\000a\000t\000u\000r\000a\000l\000e\000z\000a\000\040\000d\000e\000\040\000l\000o\000s\000\040\000D\000a\000t\000o\000s}{chapter.3}% 45
\BOOKMARK [1][-]{section.3.3}{\376\377\000A\000n\000\341\000l\000i\000s\000i\000s\000\040\000E\000x\000p\000l\000o\000r\000a\000t\000o\000r\000i\000o\000\040\000d\000e\000\040\000D\000a\000t\000o\000s\000\040\000\050\000E\000D\000A\000\051\000\040\000O\000r\000i\000g\000i\000n\000a\000l}{chapter.3}% 46
\BOOKMARK [2][-]{subsection.3.3.1}{\376\377\000D\000i\000s\000t\000r\000i\000b\000u\000c\000i\000\363\000n\000\040\000D\000e\000m\000o\000g\000r\000\341\000f\000i\000c\000a}{section.3.3}% 47
\BOOKMARK [2][-]{subsection.3.3.2}{\376\377\000E\000l\000\040\000D\000e\000s\000b\000a\000l\000a\000n\000c\000e\000o\000\040\000D\000i\000a\000g\000n\000\363\000s\000t\000i\000c\000o\000\040\000N\000a\000t\000u\000r\000a\000l}{section.3.3}% 48
\BOOKMARK [1][-]{section.3.4}{\376\377\000D\000e\000s\000a\000r\000r\000o\000l\000l\000o\000\040\000d\000e\000l\000\040\000S\000c\000r\000i\000p\000t\000\040\000d\000e\000\040\000A\000u\000d\000i\000t\000o\000r\000\355\000a\000\040\000F\000o\000r\000e\000n\000s\000e}{chapter.3}% 49
\BOOKMARK [0][-]{chapter.4}{\376\377\000M\000e\000t\000o\000d\000o\000l\000o\000g\000\355\000a}{}% 50
\BOOKMARK [1][-]{section.4.1}{\376\377\000E\000n\000f\000o\000q\000u\000e\000\040\000d\000e\000\040\000l\000a\000\040\000i\000n\000v\000e\000s\000t\000i\000g\000a\000c\000i\000\363\000n\000:\000\040\000T\000r\000i\000a\000g\000e\000\040\000D\000u\000a\000l\000\040\000\050\000D\000u\000a\000l\000-\000H\000e\000a\000d\000\051}{chapter.4}% 51
\BOOKMARK [1][-]{section.4.2}{\376\377\000P\000a\000r\000a\000d\000i\000g\000m\000a\000\040\000d\000e\000\040\000A\000p\000r\000e\000n\000d\000i\000z\000a\000j\000e\000\040\000M\000u\000l\000t\000i\000m\000o\000d\000a\000l}{chapter.4}% 52
\BOOKMARK [1][-]{section.4.3}{\376\377\000A\000r\000m\000o\000n\000i\000z\000a\000c\000i\000\363\000n\000\040\000T\000a\000x\000o\000n\000\363\000m\000i\000c\000a\000:\000\040\000E\000l\000\040\000S\000i\000s\000t\000e\000m\000a\000\040\000d\000e\000\040\0006\000\040\000C\000l\000a\000s\000e\000s}{chapter.4}% 53
\BOOKMARK [1][-]{section.4.4}{\376\377\000E\000s\000t\000r\000a\000t\000e\000g\000i\000a\000\040\000d\000e\000\040\000A\000p\000r\000e\000n\000d\000i\000z\000a\000j\000e\000\040\000y\000\040\000T\000r\000a\000n\000s\000f\000e\000r\000e\000n\000c\000i\000a\000\040\000d\000e\000\040\000C\000o\000n\000o\000c\000i\000m\000i\000e\000n\000t\000o}{chapter.4}% 54
\BOOKMARK [2][-]{subsection.4.4.1}{\376\377\000P\000r\000e\000v\000e\000n\000c\000i\000\363\000n\000\040\000d\000e\000l\000\040\000O\000l\000v\000i\000d\000o\000\040\000C\000a\000t\000a\000s\000t\000r\000\363\000f\000i\000c\000o\000\040\000\050\000C\000a\000t\000a\000s\000t\000r\000o\000p\000h\000i\000c\000\040\000F\000o\000r\000g\000e\000t\000t\000i\000n\000g\000\051}{section.4.4}% 55
\BOOKMARK [2][-]{subsection.4.4.2}{\376\377\000P\000r\000o\000t\000o\000c\000o\000l\000o\000\040\000L\000i\000n\000e\000a\000r\000\040\000P\000r\000o\000b\000i\000n\000g\000\040\000s\000e\000g\000u\000i\000d\000o\000\040\000d\000e\000\040\000F\000i\000n\000e\000-\000T\000u\000n\000i\000n\000g\000\040\000\050\000L\000P\000-\000F\000T\000\051}{section.4.4}% 56
\BOOKMARK [1][-]{section.4.5}{\376\377\000M\000e\000t\000o\000d\000o\000l\000o\000g\000\355\000a\000\040\000d\000e\000\040\000V\000a\000l\000i\000d\000a\000c\000i\000\363\000n\000\040\000y\000\040\000R\000o\000b\000u\000s\000t\000e\000z}{chapter.4}% 57
\BOOKMARK [2][-]{subsection.4.5.1}{\376\377\000A\000i\000s\000l\000a\000m\000i\000e\000n\000t\000o\000\040\000h\000e\000r\000m\000\351\000t\000i\000c\000o\000\040\000d\000e\000\040\000p\000a\000c\000i\000e\000n\000t\000e\000s}{section.4.5}% 58
\BOOKMARK [2][-]{subsection.4.5.2}{\376\377\000V\000a\000l\000i\000d\000a\000c\000i\000\363\000n\000\040\000C\000r\000u\000z\000a\000d\000a\000\040\000\050\0005\000-\000f\000o\000l\000d\000\040\000C\000r\000o\000s\000s\000-\000V\000a\000l\000i\000d\000a\000t\000i\000o\000n\000\051}{section.4.5}% 59
\BOOKMARK [1][-]{section.4.6}{\376\377\000C\000r\000i\000t\000e\000r\000i\000o\000s\000\040\000d\000e\000\040\000E\000v\000a\000l\000u\000a\000c\000i\000\363\000n\000\040\000C\000l\000\355\000n\000i\000c\000a}{chapter.4}% 60
\BOOKMARK [1][-]{section.4.7}{\376\377\000F\000l\000u\000j\000o\000\040\000G\000e\000n\000e\000r\000a\000l\000\040\000d\000e\000l\000\040\000S\000i\000s\000t\000e\000m\000a\000\040\000\050\000P\000i\000p\000e\000l\000i\000n\000e\000\040\000d\000e\000\040\000e\000j\000e\000c\000u\000c\000i\000\363\000n\000\051}{chapter.4}% 61
\BOOKMARK [0][-]{chapter.5}{\376\377\000E\000n\000t\000o\000r\000n\000o\000\040\000d\000e\000\040\000d\000e\000s\000a\000r\000r\000o\000l\000l\000o\000\040\000y\000\040\000h\000e\000r\000r\000a\000m\000i\000e\000n\000t\000a\000s\000\040\000t\000e\000c\000n\000o\000l\000\363\000g\000i\000c\000a\000s}{}% 62
\BOOKMARK [1][-]{section.5.1}{\376\377\000L\000e\000n\000g\000u\000a\000j\000e\000\040\000d\000e\000\040\000p\000r\000o\000g\000r\000a\000m\000a\000c\000i\000\363\000n}{chapter.5}% 63
\BOOKMARK [1][-]{section.5.2}{\376\377\000F\000r\000a\000m\000e\000w\000o\000r\000k\000\040\000p\000r\000i\000n\000c\000i\000p\000a\000l\000\040\000d\000e\000\040\000D\000e\000e\000p\000\040\000L\000e\000a\000r\000n\000i\000n\000g\000:\000\040\000P\000y\000T\000o\000r\000c\000h}{chapter.5}% 64
\BOOKMARK [2][-]{subsection.5.2.1}{\376\377\000J\000u\000s\000t\000i\000f\000i\000c\000a\000c\000i\000\363\000n\000\040\000d\000e\000\040\000l\000a\000\040\000e\000l\000e\000c\000c\000i\000\363\000n\000\040\000d\000e\000\040\000P\000y\000T\000o\000r\000c\000h}{section.5.2}% 65
\BOOKMARK [2][-]{subsection.5.2.2}{\376\377\000E\000c\000o\000s\000i\000s\000t\000e\000m\000a\000\040\000T\000o\000r\000c\000h\000v\000i\000s\000i\000o\000n\000\040\000y\000\040\000l\000i\000b\000r\000e\000r\000\355\000a\000s\000\040\000a\000s\000o\000c\000i\000a\000d\000a\000s}{section.5.2}% 66
\BOOKMARK [1][-]{section.5.3}{\376\377\000H\000e\000r\000r\000a\000m\000i\000e\000n\000t\000a\000s\000\040\000d\000e\000\040\000p\000r\000o\000c\000e\000s\000a\000m\000i\000e\000n\000t\000o\000\040\000y\000\040\000m\000a\000n\000i\000p\000u\000l\000a\000c\000i\000\363\000n\000\040\000d\000e\000\040\000d\000a\000t\000o\000s}{chapter.5}% 67
\BOOKMARK [2][-]{subsection.5.3.1}{\376\377\000N\000u\000m\000P\000y\000\040\000y\000\040\000P\000a\000n\000d\000a\000s}{section.5.3}% 68
\BOOKMARK [2][-]{subsection.5.3.2}{\376\377\000S\000c\000i\000k\000i\000t\000-\000L\000e\000a\000r\000n}{section.5.3}% 69
\BOOKMARK [1][-]{section.5.4}{\376\377\000L\000i\000b\000r\000e\000r\000\355\000a\000s\000\040\000d\000e\000\040\000v\000i\000s\000i\000\363\000n\000\040\000p\000o\000r\000\040\000c\000o\000m\000p\000u\000t\000a\000d\000o\000r}{chapter.5}% 70
\BOOKMARK [2][-]{subsection.5.4.1}{\376\377\000O\000p\000e\000n\000C\000V\000\040\000y\000\040\000P\000i\000l\000l\000o\000w\000\040\000\050\000P\000I\000L\000\051}{section.5.4}% 71
\BOOKMARK [1][-]{section.5.5}{\376\377\000L\000i\000b\000r\000e\000r\000\355\000a\000s\000\040\000d\000e\000\040\000o\000p\000t\000i\000m\000i\000z\000a\000c\000i\000\363\000n\000\040\000e\000\040\000i\000n\000t\000e\000r\000p\000r\000e\000t\000a\000b\000i\000l\000i\000d\000a\000d}{chapter.5}% 72
\BOOKMARK [2][-]{subsection.5.5.1}{\376\377\000O\000p\000t\000i\000m\000i\000z\000a\000c\000i\000\363\000n\000\040\000B\000a\000y\000e\000s\000i\000a\000n\000a\000\040\000c\000o\000n\000\040\000O\000p\000t\000u\000n\000a}{section.5.5}% 73
\BOOKMARK [2][-]{subsection.5.5.2}{\376\377\000I\000n\000t\000e\000r\000p\000r\000e\000t\000a\000b\000i\000l\000i\000d\000a\000d\000\040\000v\000i\000s\000u\000a\000l\000\040\000c\000o\000n\000\040\000p\000y\000t\000o\000r\000c\000h\000-\000g\000r\000a\000d\000-\000c\000a\000m}{section.5.5}% 74
\BOOKMARK [1][-]{section.5.6}{\376\377\000E\000n\000t\000o\000r\000n\000o\000\040\000d\000e\000\040\000e\000j\000e\000c\000u\000c\000i\000\363\000n\000\040\000y\000\040\000r\000e\000c\000u\000r\000s\000o\000s\000\040\000h\000a\000r\000d\000w\000a\000r\000e}{chapter.5}% 75
\BOOKMARK [2][-]{subsection.5.6.1}{\376\377\000C\000o\000n\000f\000i\000g\000u\000r\000a\000c\000i\000\363\000n\000\040\000d\000e\000l\000\040\000e\000n\000t\000o\000r\000n\000o\000\040\000l\000o\000c\000a\000l}{section.5.6}% 76
\BOOKMARK [2][-]{subsection.5.6.2}{\376\377\000L\000i\000m\000i\000t\000a\000c\000i\000o\000n\000e\000s\000\040\000d\000e\000\040\000V\000R\000A\000M\000\040\000y\000\040\000p\000a\000r\000a\000l\000e\000l\000i\000z\000a\000c\000i\000\363\000n}{section.5.6}% 77
\BOOKMARK [1][-]{section.5.7}{\376\377\000R\000e\000p\000r\000o\000d\000u\000c\000i\000b\000i\000l\000i\000d\000a\000d\000\040\000y\000\040\000c\000o\000n\000t\000r\000o\000l\000\040\000d\000e\000\040\000v\000e\000r\000s\000i\000o\000n\000e\000s}{chapter.5}% 78
\BOOKMARK [2][-]{subsection.5.7.1}{\376\377\000F\000i\000j\000a\000c\000i\000\363\000n\000\040\000d\000e\000\040\000s\000e\000m\000i\000l\000l\000a\000s\000\040\000a\000l\000e\000a\000t\000o\000r\000i\000a\000s\000\040\000\050\000S\000e\000e\000d\000\040\000l\000o\000c\000k\000i\000n\000g\000\051}{section.5.7}% 79
\BOOKMARK [2][-]{subsection.5.7.2}{\376\377\000R\000e\000g\000i\000s\000t\000r\000o\000\040\000d\000e\000\040\000m\000\351\000t\000r\000i\000c\000a\000s\000\040\000y\000\040\000L\000o\000g\000s}{section.5.7}% 80
\BOOKMARK [0][-]{chapter.6}{\376\377\000I\000n\000g\000e\000n\000i\000e\000r\000\355\000a\000\040\000y\000\040\000P\000r\000e\000p\000r\000o\000c\000e\000s\000a\000m\000i\000e\000n\000t\000o\000\040\000d\000e\000\040\000l\000o\000s\000\040\000D\000a\000t\000o\000s}{}% 81
\BOOKMARK [1][-]{section.6.1}{\376\377\000I\000n\000t\000r\000o\000d\000u\000c\000c\000i\000\363\000n\000\040\000a\000l\000\040\000p\000r\000e\000p\000r\000o\000c\000e\000s\000a\000m\000i\000e\000n\000t\000o}{chapter.6}% 82
\BOOKMARK [1][-]{section.6.2}{\376\377\000P\000a\000s\000o\000\040\0001\000:\000\040\000L\000i\000m\000p\000i\000e\000z\000a\000\040\000d\000e\000\040\000D\000a\000t\000o\000s}{chapter.6}% 83
\BOOKMARK [2][-]{subsection.6.2.1}{\376\377\000T\000r\000a\000t\000a\000m\000i\000e\000n\000t\000o\000\040\000d\000e\000\040\000I\000d\000e\000n\000t\000i\000f\000i\000c\000a\000d\000o\000r\000e\000s\000\040\000y\000\040\000L\000\363\000g\000i\000c\000a\000\040\000d\000e\000\040\000m\000a\000s\000t\000e\000r\000\137\000i\000d}{section.6.2}% 84
\BOOKMARK [2][-]{subsection.6.2.2}{\376\377\000A\000n\000\341\000l\000i\000s\000i\000s\000\040\000d\000e\000\040\000V\000a\000l\000o\000r\000e\000s\000\040\000N\000u\000l\000o\000s\000\040\000\050\000N\000a\000N\000\051\000\040\000y\000\040\000T\000a\000x\000o\000n\000o\000m\000\355\000a\000\040\000e\000n\000\040\000C\000a\000s\000c\000a\000d\000a}{section.6.2}% 85
\BOOKMARK [2][-]{subsection.6.2.3}{\376\377\000V\000e\000r\000i\000f\000i\000c\000a\000c\000i\000\363\000n\000\040\000d\000e\000\040\000D\000u\000p\000l\000i\000c\000a\000d\000o\000s}{section.6.2}% 86
\BOOKMARK [1][-]{section.6.3}{\376\377\000P\000a\000s\000o\000\040\0002\000:\000\040\000I\000n\000t\000e\000g\000r\000a\000c\000i\000\363\000n\000\040\000d\000e\000\040\000D\000a\000t\000o\000s}{chapter.6}% 87
\BOOKMARK [2][-]{subsection.6.3.1}{\376\377\000A\000n\000\341\000l\000i\000s\000i\000s\000\040\000d\000e\000l\000\040\000C\000a\000t\000\341\000l\000o\000g\000o\000\040\000D\000i\000a\000g\000n\000\363\000s\000t\000i\000c\000o\000\040\000O\000r\000i\000g\000i\000n\000a\000l}{section.6.3}% 88
\BOOKMARK [2][-]{subsection.6.3.2}{\376\377\000A\000r\000m\000o\000n\000i\000z\000a\000c\000i\000\363\000n\000\040\000T\000a\000x\000o\000n\000\363\000m\000i\000c\000a\000:\000\040\000E\000l\000\040\000S\000i\000s\000t\000e\000m\000a\000\040\000d\000e\000\040\0006\000\040\000C\000l\000a\000s\000e\000s\000\040\000\050\000H\000e\000a\000d\000\040\000B\000\051}{section.6.3}% 89
\BOOKMARK [2][-]{subsection.6.3.3}{\376\377\000A\000r\000q\000u\000i\000t\000e\000c\000t\000u\000r\000a\000\040\000D\000u\000a\000l\000\040\000\050\000D\000u\000a\000l\000-\000H\000e\000a\000d\000\051\000\040\000y\000\040\000T\000r\000i\000a\000j\000e\000\040\000C\000l\000\355\000n\000i\000c\000o}{section.6.3}% 90
\BOOKMARK [1][-]{section.6.4}{\376\377\000P\000a\000s\000o\000\040\0003\000:\000\040\000T\000r\000a\000n\000s\000f\000o\000r\000m\000a\000c\000i\000\363\000n\000\040\000d\000e\000\040\000D\000a\000t\000o\000s}{chapter.6}% 91
\BOOKMARK [2][-]{subsection.6.4.1}{\376\377\000E\000s\000t\000r\000a\000t\000e\000g\000i\000a\000\040\000d\000e\000\040\000I\000m\000p\000u\000t\000a\000c\000i\000\363\000n\000\040\000d\000e\000\040\000V\000a\000l\000o\000r\000e\000s\000\040\000F\000a\000l\000t\000a\000n\000t\000e\000s}{section.6.4}% 92
\BOOKMARK [2][-]{subsection.6.4.2}{\376\377\000C\000o\000d\000i\000f\000i\000c\000a\000c\000i\000\363\000n\000\040\000C\000a\000t\000e\000g\000\363\000r\000i\000c\000a\000:\000\040\000O\000n\000e\000-\000H\000o\000t\000\040\000E\000n\000c\000o\000d\000i\000n\000g\000\040\000\050\000O\000H\000E\000\051}{section.6.4}% 93
\BOOKMARK [2][-]{subsection.6.4.3}{\376\377\000P\000o\000l\000\355\000t\000i\000c\000a\000\040\000d\000e\000\040\000E\000s\000c\000a\000l\000a\000d\000o\000\040\000N\000u\000m\000\351\000r\000i\000c\000o\000\040\000\050\000Z\000-\000S\000c\000o\000r\000e\000\051}{section.6.4}% 94
\BOOKMARK [1][-]{section.6.5}{\376\377\000P\000a\000s\000o\000\040\0004\000:\000\040\000R\000e\000d\000u\000c\000c\000i\000\363\000n\000\040\000d\000e\000\040\000D\000a\000t\000o\000s\000\040\000y\000\040\000M\000u\000e\000s\000t\000r\000e\000o}{chapter.6}% 95
\BOOKMARK [2][-]{subsection.6.5.1}{\376\377\000A\000n\000\341\000l\000i\000s\000i\000s\000\040\000F\000o\000r\000e\000n\000s\000e\000\040\000d\000e\000\040\000S\000e\000s\000g\000o\000s\000\040\000d\000e\000\040\000A\000d\000q\000u\000i\000s\000i\000c\000i\000\363\000n}{section.6.5}% 96
\BOOKMARK [2][-]{subsection.6.5.2}{\376\377\000E\000l\000\040\000p\000r\000o\000b\000l\000e\000m\000a\000\040\000d\000e\000\040\000l\000a\000\040\000R\000e\000d\000\040\000P\000e\000r\000e\000z\000o\000s\000a\000-\0001\000.\0004\0005\000e\000m\0001\000e\000x\0002\000\040\000e\000l\000\040\000E\000f\000e\000c\000t\000o\000\040\000C\000l\000e\000v\000e\000r\000\040\000H\000a\000n\000s}{section.6.5}% 97
\BOOKMARK [2][-]{subsection.6.5.3}{\376\377\000E\000s\000t\000r\000a\000t\000e\000g\000i\000a\000\040\000d\000e\000\040\000M\000u\000e\000s\000t\000r\000e\000o\000\040\000E\000s\000t\000r\000a\000t\000i\000f\000i\000c\000a\000d\000o\000\040\000\050\0002\0002\0007\000k\000\040\000I\000m\000\341\000g\000e\000n\000e\000s\000\051}{section.6.5}% 98
\BOOKMARK [1][-]{section.6.6}{\376\377\000P\000r\000e\000p\000r\000o\000c\000e\000s\000a\000m\000i\000e\000n\000t\000o\000\040\000V\000e\000c\000t\000o\000r\000i\000a\000l\000\040\000d\000e\000\040\000I\000m\000\341\000g\000e\000n\000e\000s\000\040\000\050\000O\000f\000f\000l\000i\000n\000e\000\051}{chapter.6}% 99
\BOOKMARK [2][-]{subsection.6.6.1}{\376\377\000E\000s\000t\000a\000n\000d\000a\000r\000i\000z\000a\000c\000i\000\363\000n\000\040\000d\000e\000\040\000l\000a\000\040\000r\000a\000m\000a\000\040\000R\000G\000B}{section.6.6}% 100
\BOOKMARK [2][-]{subsection.6.6.2}{\376\377\000T\000r\000a\000n\000s\000f\000o\000r\000m\000a\000c\000i\000\363\000n\000\040\000g\000e\000o\000m\000\351\000t\000r\000i\000c\000a\000:\000\040\000G\000e\000n\000e\000r\000a\000c\000i\000\363\000n\000\040\000d\000e\000\040\000l\000a\000\040\000r\000a\000m\000a\000\040\000A\000R\000P}{section.6.6}% 101
\BOOKMARK [1][-]{section.6.7}{\376\377\000P\000a\000r\000t\000i\000c\000i\000\363\000n\000\040\000d\000e\000l\000\040\000D\000a\000t\000a\000s\000e\000t\000\040\000y\000\040\000E\000s\000t\000r\000a\000t\000e\000g\000i\000a\000\040\000d\000e\000\040\000E\000v\000a\000l\000u\000a\000c\000i\000\363\000n}{chapter.6}% 102
\BOOKMARK [0][-]{chapter.7}{\376\377\000M\000\351\000t\000r\000i\000c\000a\000s\000\040\000d\000e\000\040\000e\000v\000a\000l\000u\000a\000c\000i\000\363\000n\000\040\000y\000\040\000a\000j\000u\000s\000t\000e\000\040\000d\000e\000\040\000u\000m\000b\000r\000a\000l\000e\000s}{}% 103
\BOOKMARK [1][-]{section.7.1}{\376\377\000I\000n\000t\000r\000o\000d\000u\000c\000c\000i\000\363\000n\000\040\000a\000\040\000l\000a\000\040\000e\000v\000a\000l\000u\000a\000c\000i\000\363\000n\000\040\000e\000n\000\040\000e\000s\000c\000e\000n\000a\000r\000i\000o\000s\000\040\000d\000e\000\040\000e\000x\000t\000r\000e\000m\000o\000\040\000d\000e\000s\000b\000a\000l\000a\000n\000c\000e\000o}{chapter.7}% 104
\BOOKMARK [1][-]{section.7.2}{\376\377\000L\000a\000\040\000M\000a\000t\000r\000i\000z\000\040\000d\000e\000\040\000C\000o\000n\000f\000u\000s\000i\000\363\000n\000\040\000c\000o\000m\000o\000\040\000b\000a\000s\000e\000\040\000e\000v\000a\000l\000u\000a\000t\000i\000v\000a}{chapter.7}% 105
\BOOKMARK [2][-]{subsection.7.2.1}{\376\377\000F\000o\000r\000m\000u\000l\000a\000c\000i\000\363\000n\000\040\000b\000i\000n\000a\000r\000i\000a\000\040\000\050\000C\000a\000b\000e\000z\000a\000\040\000A\000:\000\040\000T\000r\000i\000a\000g\000e\000\040\000C\000l\000\355\000n\000i\000c\000o\000\051}{section.7.2}% 106
\BOOKMARK [2][-]{subsection.7.2.2}{\376\377\000F\000o\000r\000m\000u\000l\000a\000c\000i\000\363\000n\000\040\000m\000u\000l\000t\000i\000c\000l\000a\000s\000e\000\040\000\050\000C\000a\000b\000e\000z\000a\000\040\000B\000:\000\040\000D\000i\000a\000g\000n\000\363\000s\000t\000i\000c\000o\000\040\000D\000i\000f\000e\000r\000e\000n\000c\000i\000a\000l\000\051}{section.7.2}% 107
\BOOKMARK [1][-]{section.7.3}{\376\377\000M\000\351\000t\000r\000i\000c\000a\000s\000\040\000d\000e\000\040\000e\000v\000a\000l\000u\000a\000c\000i\000\363\000n\000\040\000d\000e\000t\000e\000r\000m\000i\000n\000i\000s\000t\000a\000s}{chapter.7}% 108
\BOOKMARK [2][-]{subsection.7.3.1}{\376\377\000L\000a\000\040\000t\000r\000a\000m\000p\000a\000\040\000d\000e\000\040\000l\000a\000\040\000E\000x\000a\000c\000t\000i\000t\000u\000d\000\040\000\050\000A\000c\000c\000u\000r\000a\000c\000y\000\051\000\040\000e\000n\000\040\000i\000m\000a\000g\000e\000n\000\040\000m\000\351\000d\000i\000c\000a}{section.7.3}% 109
\BOOKMARK [2][-]{subsection.7.3.2}{\376\377\000S\000e\000n\000s\000i\000b\000i\000l\000i\000d\000a\000d\000\040\000\050\000R\000e\000c\000a\000l\000l\000\051\000:\000\040\000L\000a\000\040\000m\000\351\000t\000r\000i\000c\000a\000\040\000p\000r\000i\000o\000r\000i\000t\000a\000r\000i\000a}{section.7.3}% 110
\BOOKMARK [2][-]{subsection.7.3.3}{\376\377\000E\000s\000p\000e\000c\000i\000f\000i\000c\000i\000d\000a\000d\000\040\000y\000\040\000P\000r\000e\000c\000i\000s\000i\000\363\000n}{section.7.3}% 111
\BOOKMARK [1][-]{section.7.4}{\376\377\000M\000\351\000t\000r\000i\000c\000a\000s\000\040\000a\000g\000r\000e\000g\000a\000d\000a\000s\000\040\000y\000\040\000d\000e\000\040\000p\000r\000o\000m\000e\000d\000i\000a\000d\000o}{chapter.7}% 112
\BOOKMARK [2][-]{subsection.7.4.1}{\376\377\000E\000l\000\040\000F\0001\000-\000S\000c\000o\000r\000e\000\040\000c\000o\000m\000o\000\040\000m\000e\000d\000i\000d\000a\000\040\000d\000e\000\040\000e\000q\000u\000i\000l\000i\000b\000r\000i\000o}{section.7.4}% 113
\BOOKMARK [2][-]{subsection.7.4.2}{\376\377\000E\000s\000t\000r\000a\000t\000e\000g\000i\000a\000s\000\040\000d\000e\000\040\000p\000r\000o\000m\000e\000d\000i\000a\000d\000o\000:\000\040\000M\000i\000c\000r\000o\000\040\000v\000s\000.\000\040\000M\000a\000c\000r\000o\000\040\000F\0001\000-\000S\000c\000o\000r\000e}{section.7.4}% 114
\BOOKMARK [1][-]{section.7.5}{\376\377\000E\000v\000a\000l\000u\000a\000c\000i\000\363\000n\000\040\000p\000r\000o\000b\000a\000b\000i\000l\000\355\000s\000t\000i\000c\000a\000\040\000d\000e\000\040\000l\000a\000\040\000r\000e\000d}{chapter.7}% 115
\BOOKMARK [2][-]{subsection.7.5.1}{\376\377\000C\000u\000r\000v\000a\000\040\000R\000O\000C\000\040\000\050\000R\000e\000c\000e\000i\000v\000e\000r\000\040\000O\000p\000e\000r\000a\000t\000i\000n\000g\000\040\000C\000h\000a\000r\000a\000c\000t\000e\000r\000i\000s\000t\000i\000c\000\051}{section.7.5}% 116
\BOOKMARK [2][-]{subsection.7.5.2}{\376\377\000\301\000r\000e\000a\000\040\000B\000a\000j\000o\000\040\000l\000a\000\040\000C\000u\000r\000v\000a\000\040\000\050\000A\000U\000C\000\051\000\040\000c\000o\000m\000o\000\040\000m\000e\000d\000i\000d\000a\000\040\000d\000e\000\040\000s\000e\000p\000a\000r\000a\000b\000i\000l\000i\000d\000a\000d}{section.7.5}% 117
\BOOKMARK [1][-]{section.7.6}{\376\377\000A\000j\000u\000s\000t\000e\000\040\000d\000e\000l\000\040\000U\000m\000b\000r\000a\000l\000\040\000d\000e\000\040\000D\000e\000c\000i\000s\000i\000\363\000n\000\040\000y\000\040\000F\000a\000c\000t\000o\000r\000\040\000d\000e\000\040\000S\000e\000g\000u\000r\000i\000d\000a\000d\000\040\000C\000l\000\355\000n\000i\000c\000o}{chapter.7}% 118
\BOOKMARK [1][-]{section.7.7}{\376\377\000J\000u\000s\000t\000i\000f\000i\000c\000a\000c\000i\000\363\000n\000\040\000c\000l\000\355\000n\000i\000c\000a\000\040\000d\000e\000\040\000l\000a\000\040\000e\000s\000t\000r\000a\000t\000e\000g\000i\000a\000\040\000d\000e\000\040\000e\000v\000a\000l\000u\000a\000c\000i\000\363\000n\000\040\000f\000i\000n\000a\000l}{chapter.7}% 119
\BOOKMARK [0][-]{chapter.8}{\376\377\000D\000i\000s\000e\000\361\000o\000\040\000d\000e\000\040\000l\000a\000\040\000R\000e\000d\000\040\000I\000m\000p\000l\000e\000m\000e\000n\000t\000a\000d\000a}{}% 120
\BOOKMARK [1][-]{section.8.1}{\376\377\000A\000r\000q\000u\000i\000t\000e\000c\000t\000u\000r\000a\000\040\000G\000l\000o\000b\000a\000l\000\040\000d\000e\000l\000\040\000S\000i\000s\000t\000e\000m\000a\000\040\000d\000e\000\040\000F\000u\000s\000i\000\363\000n\000\040\000T\000r\000i\000p\000l\000e}{chapter.8}% 121
\BOOKMARK [1][-]{section.8.2}{\376\377\000R\000a\000m\000a\000\040\0001\000:\000\040\000P\000e\000r\000c\000e\000p\000c\000i\000\363\000n\000\040\000C\000l\000\355\000n\000i\000c\000a\000\040\000\050\000M\000e\000t\000a\000d\000a\000t\000o\000s\000\040\000M\000L\000P\000\051}{chapter.8}% 122
\BOOKMARK [2][-]{subsection.8.2.1}{\376\377\000T\000o\000p\000o\000l\000o\000g\000\355\000a\000\040\000d\000e\000l\000\040\000P\000e\000r\000c\000e\000p\000t\000r\000\363\000n\000\040\000M\000u\000l\000t\000i\000c\000a\000p\000a\000\040\000C\000o\000m\000p\000a\000r\000t\000i\000d\000o}{section.8.2}% 123
\BOOKMARK [2][-]{subsection.8.2.2}{\376\377\000O\000p\000t\000i\000m\000i\000z\000a\000c\000i\000\363\000n\000\040\000B\000a\000y\000e\000s\000i\000a\000n\000a\000\040\000\050\000O\000p\000t\000u\000n\000a\000\051}{section.8.2}% 124
\BOOKMARK [1][-]{section.8.3}{\376\377\000R\000a\000m\000a\000\040\0002\000:\000\040\000A\000n\000\341\000l\000i\000s\000i\000s\000\040\000E\000s\000t\000r\000u\000c\000t\000u\000r\000a\000l\000\040\000\050\000C\000N\000N\000\040\000A\000R\000P\000\051}{chapter.8}% 125
\BOOKMARK [2][-]{subsection.8.3.1}{\376\377\000A\000r\000q\000u\000i\000t\000e\000c\000t\000u\000r\000a\000\040\000C\000o\000n\000v\000o\000l\000u\000c\000i\000o\000n\000a\000l\000\040\000P\000e\000r\000s\000o\000n\000a\000l\000i\000z\000a\000d\000a}{section.8.3}% 126
\BOOKMARK [2][-]{subsection.8.3.2}{\376\377\000S\000i\000n\000t\000o\000n\000i\000z\000a\000c\000i\000\363\000n\000\040\000d\000e\000\040\000H\000i\000p\000e\000r\000p\000a\000r\000\341\000m\000e\000t\000r\000o\000s\000\040\000\050\000O\000p\000t\000u\000n\000a\000\051}{section.8.3}% 127
\BOOKMARK [1][-]{section.8.4}{\376\377\000R\000a\000m\000a\000\040\0003\000:\000\040\000P\000e\000r\000c\000e\000p\000c\000i\000\363\000n\000\040\000V\000i\000s\000u\000a\000l\000\040\000H\000\355\000b\000r\000i\000d\000a\000\040\000\050\000R\000G\000B\000\051}{chapter.8}% 128
\BOOKMARK [2][-]{subsection.8.4.1}{\376\377\000E\000x\000t\000r\000a\000c\000c\000i\000\363\000n\000\040\000d\000e\000\040\000r\000a\000s\000g\000o\000s\000\040\000l\000o\000c\000a\000l\000e\000s\000:\000\040\000R\000e\000s\000N\000e\000t\0001\0008}{section.8.4}% 129
\BOOKMARK [2][-]{subsection.8.4.2}{\376\377\000M\000o\000d\000e\000l\000a\000d\000o\000\040\000d\000e\000\040\000r\000e\000l\000a\000c\000i\000o\000n\000e\000s\000\040\000g\000l\000o\000b\000a\000l\000e\000s\000:\000\040\000V\000i\000s\000i\000o\000n\000\040\000T\000r\000a\000n\000s\000f\000o\000r\000m\000e\000r\000\040\000\050\000V\000i\000T\000\051}{section.8.4}% 130
\BOOKMARK [2][-]{subsection.8.4.3}{\376\377\000S\000i\000n\000t\000o\000n\000i\000z\000a\000c\000i\000\363\000n\000\040\000d\000e\000\040\000H\000i\000p\000e\000r\000p\000a\000r\000\341\000m\000e\000t\000r\000o\000s\000\040\000\050\000O\000p\000t\000u\000n\000a\000\051}{section.8.4}% 131
\BOOKMARK [1][-]{section.8.5}{\376\377\000I\000n\000t\000e\000g\000r\000a\000c\000i\000\363\000n\000\040\000y\000\040\000T\000o\000m\000a\000\040\000d\000e\000\040\000D\000e\000c\000i\000s\000i\000\363\000n\000\040\000\050\000L\000a\000t\000e\000\040\000F\000u\000s\000i\000o\000n\000\051}{chapter.8}% 132
\BOOKMARK [2][-]{subsection.8.5.1}{\376\377\000C\000o\000n\000c\000a\000t\000e\000n\000a\000c\000i\000\363\000n\000\040\000d\000e\000\040\000t\000e\000n\000s\000o\000r\000e\000s\000\040\000m\000u\000l\000t\000i\000m\000o\000d\000a\000l\000e\000s}{section.8.5}% 133
\BOOKMARK [2][-]{subsection.8.5.2}{\376\377\000T\000o\000p\000o\000l\000o\000g\000\355\000a\000\040\000d\000e\000\040\000l\000a\000s\000\040\000C\000a\000b\000e\000z\000a\000s\000\040\000d\000e\000\040\000D\000e\000c\000i\000s\000i\000\363\000n\000\040\000\050\000D\000u\000a\000l\000-\000H\000e\000a\000d\000\051}{section.8.5}% 134
\BOOKMARK [1][-]{section.8.6}{\376\377\000M\000o\000d\000e\000l\000a\000d\000o\000\040\000M\000a\000t\000e\000m\000\341\000t\000i\000c\000o\000\040\000d\000e\000l\000\040\000E\000n\000t\000r\000e\000n\000a\000m\000i\000e\000n\000t\000o\000\040\000C\000o\000m\000b\000i\000n\000a\000d\000o}{chapter.8}% 135
\BOOKMARK [2][-]{subsection.8.6.1}{\376\377\000F\000u\000n\000c\000i\000o\000n\000e\000s\000\040\000d\000e\000\040\000p\000\351\000r\000d\000i\000d\000a\000\040\000a\000s\000i\000m\000\351\000t\000r\000i\000c\000a\000s\000\040\000e\000\040\000h\000\355\000b\000r\000i\000d\000a\000s}{section.8.6}% 136
\BOOKMARK [2][-]{subsection.8.6.2}{\376\377\000A\000p\000r\000e\000n\000d\000i\000z\000a\000j\000e\000\040\000J\000e\000r\000\341\000r\000q\000u\000i\000c\000o\000\040\000m\000e\000d\000i\000a\000n\000t\000e\000\040\000D\000i\000f\000f\000e\000r\000e\000n\000t\000i\000a\000l\000\040\000L\000e\000a\000r\000n\000i\000n\000g\000\040\000R\000a\000t\000e\000s}{section.8.6}% 137
\BOOKMARK [1][-]{section.8.7}{\376\377\000T\000\341\000c\000t\000i\000c\000a\000s\000\040\000d\000e\000\040\000O\000p\000t\000i\000m\000i\000z\000a\000c\000i\000\363\000n\000\040\000y\000\040\000R\000e\000n\000d\000i\000m\000i\000e\000n\000t\000o\000\040\000d\000e\000\040\000H\000a\000r\000d\000w\000a\000r\000e}{chapter.8}% 138
\BOOKMARK [2][-]{subsection.8.7.1}{\376\377\000R\000e\000g\000u\000l\000a\000r\000i\000z\000a\000c\000i\000\363\000n\000\040\000p\000o\000r\000\040\000M\000o\000d\000a\000l\000i\000t\000y\000\040\000D\000r\000o\000p\000o\000u\000t}{section.8.7}% 139
\BOOKMARK [2][-]{subsection.8.7.2}{\376\377\000P\000r\000e\000v\000e\000n\000c\000i\000\363\000n\000\040\000d\000e\000\040\000G\000P\000U\000\040\000S\000t\000a\000r\000v\000a\000t\000i\000o\000n\000:\000\040\000P\000r\000e\000f\000e\000t\000c\000h\000\040\000y\000\040\000M\000\372\000l\000t\000i\000p\000l\000e\000s\000\040\000W\000o\000r\000k\000e\000r\000s}{section.8.7}% 140
\BOOKMARK [2][-]{subsection.8.7.3}{\376\377\000E\000s\000c\000a\000l\000a\000d\000o\000\040\000d\000e\000\040\000m\000e\000m\000o\000r\000i\000a\000:\000\040\000G\000r\000a\000d\000i\000e\000n\000t\000\040\000A\000c\000c\000u\000m\000u\000l\000a\000t\000i\000o\000n\000\040\000y\000\040\000M\000i\000x\000e\000d\000\040\000P\000r\000e\000c\000i\000s\000i\000o\000n\000\040\000\050\000A\000M\000P\000\051}{section.8.7}% 141
\BOOKMARK [0][-]{chapter.9}{\376\377\000E\000v\000a\000l\000u\000a\000c\000i\000\363\000n\000,\000\040\000r\000e\000s\000u\000l\000t\000a\000d\000o\000s\000\040\000y\000\040\000d\000i\000s\000c\000u\000s\000i\000\363\000n}{}% 142
\BOOKMARK [1][-]{section.9.1}{\376\377\000C\000o\000n\000f\000i\000g\000u\000r\000a\000c\000i\000\363\000n\000\040\000e\000x\000p\000e\000r\000i\000m\000e\000n\000t\000a\000l}{chapter.9}% 143
\BOOKMARK [1][-]{section.9.2}{\376\377\000R\000e\000s\000u\000l\000t\000a\000d\000o\000s\000\040\000o\000b\000t\000e\000n\000i\000d\000o\000s}{chapter.9}% 144
\BOOKMARK [1][-]{section.9.3}{\376\377\000C\000o\000m\000p\000a\000r\000a\000t\000i\000v\000a\000\040\000e\000n\000t\000r\000e\000\040\000c\000o\000n\000f\000i\000g\000u\000r\000a\000c\000i\000o\000n\000e\000s}{chapter.9}% 145
\BOOKMARK [1][-]{section.9.4}{\376\377\000I\000m\000p\000a\000c\000t\000o\000\040\000d\000e\000\040\000l\000a\000\040\000f\000u\000s\000i\000\363\000n\000\040\000m\000u\000l\000t\000i\000m\000o\000d\000a\000l}{chapter.9}% 146
\BOOKMARK [1][-]{section.9.5}{\376\377\000I\000m\000p\000a\000c\000t\000o\000\040\000d\000e\000l\000\040\000d\000e\000s\000b\000a\000l\000a\000n\000c\000e\000o}{chapter.9}% 147
\BOOKMARK [1][-]{section.9.6}{\376\377\000D\000i\000s\000c\000u\000s\000i\000\363\000n\000\040\000d\000e\000\040\000r\000e\000s\000u\000l\000t\000a\000d\000o\000s}{chapter.9}% 148
\BOOKMARK [1][-]{section.9.7}{\376\377\000L\000i\000m\000i\000t\000a\000c\000i\000o\000n\000e\000s\000\040\000d\000e\000l\000\040\000e\000s\000t\000u\000d\000i\000o}{chapter.9}% 149
\BOOKMARK [0][-]{chapter.10}{\376\377\000C\000o\000n\000c\000l\000u\000s\000i\000o\000n\000e\000s\000\040\000y\000\040\000t\000r\000a\000b\000a\000j\000o\000\040\000f\000u\000t\000u\000r\000o}{}% 150
\BOOKMARK [1][-]{section.10.1}{\376\377\000C\000o\000n\000c\000l\000u\000s\000i\000o\000n\000e\000s\000\040\000g\000e\000n\000e\000r\000a\000l\000e\000s}{chapter.10}% 151
\BOOKMARK [1][-]{section.10.2}{\376\377\000C\000o\000n\000t\000r\000i\000b\000u\000c\000i\000o\000n\000e\000s\000\040\000d\000e\000l\000\040\000t\000r\000a\000b\000a\000j\000o}{chapter.10}% 152
\BOOKMARK [1][-]{section.10.3}{\376\377\000L\000\355\000n\000e\000a\000s\000\040\000f\000u\000t\000u\000r\000a\000s\000\040\000d\000e\000\040\000i\000n\000v\000e\000s\000t\000i\000g\000a\000c\000i\000\363\000n}{chapter.10}% 153
\BOOKMARK [0][-]{appendix.Alph1}{\376\377\000A\000n\000e\000x\000o\000s}{}% 154
\BOOKMARK [1][-]{section.Alph1.1}{\376\377\000A\000r\000q\000u\000i\000t\000e\000c\000t\000u\000r\000a\000s\000\040\000c\000o\000m\000p\000l\000e\000t\000a\000s}{appendix.Alph1}% 155
\BOOKMARK [1][-]{section.Alph1.2}{\376\377\000H\000i\000p\000e\000r\000p\000a\000r\000\341\000m\000e\000t\000r\000o\000s}{appendix.Alph1}% 156
\BOOKMARK [1][-]{section.Alph1.3}{\376\377\000D\000i\000a\000g\000r\000a\000m\000a\000s\000\040\000a\000d\000i\000c\000i\000o\000n\000a\000l\000e\000s}{appendix.Alph1}% 157
